<?xml version="1.0" encoding="UTF-8"?>
<!-- Generated by org.testng.reporters.JUnitReportReporter -->
<testsuite skipped="0" hostname="WJNJINPC083MQY" name="com.qa.test.Basictest" tests="1" failures="0" timestamp="30 Apr 2018 11:54:35 GMT" time="0.005" errors="0">
  <testcase name="Add" time="0.005" classname="com.qa.test.Basictest"/>
</testsuite> <!-- com.qa.test.Basictest -->
